<?xml version="1.0" encoding="UTF-8"?>
<testsuite xmlns:xsi="http://www.w3.org/2001/XMLSchema-instance" xsi:noNamespaceSchemaLocation="https://maven.apache.org/surefire/maven-surefire-plugin/xsd/surefire-test-report-3.0.xsd" version="3.0" name="testRunner.TestRunner" time="1.326" tests="12" errors="0" skipped="0" failures="0">
  <properties>
[...]
</properties>
  <testcase name="Given user login to home page of &quot;chrome&quot;" classname="Scenario: Validate the parameterization using Data tables in Gherkin" time="0.002"/>
  <testcase name="When user clicks on button &quot;submit&quot; and &quot;confirm&quot;" classname="Scenario: Validate the parameterization using Data tables in Gherkin" time="0"/>
  <testcase name="And user enters details on table" classname="Scenario: Validate the parameterization using Data tables in Gherkin" time="0"/>
  <testcase name="" classname="Scenario: Validate the parameterization using Data tables in Gherkin" time="0"/>
  <testcase name="Given user login to home page of &quot;mozilla&quot;" classname="| button1 | button2 |" time="0"/>
  <testcase name="When user clicks on button &quot;submit1&quot; and &quot;confirm1&quot;" classname="| button1 | button2 |" time="0"/>
  <testcase name="And user clicks on buttons &quot;button1&quot; and &quot;button2&quot;" classname="| button1 | button2 |" time="0"/>
  <testcase name="" classname="| button1 | button2 |" time="0.002"/>
  <testcase name="Given user login to home page of &quot;mozilla&quot;" classname="| button3 | button4 |" time="0"/>
  <testcase name="When user clicks on button &quot;submit1&quot; and &quot;confirm1&quot;" classname="| button3 | button4 |" time="0"/>
  <testcase name="And user clicks on buttons &quot;button3&quot; and &quot;button4&quot;" classname="| button3 | button4 |" time="0"/>
  <testcase name="" classname="| button3 | button4 |" time="0.002"/>
</testsuite>