!SESSION 2020-05-13 12:00:57.764 -----------------------------------------------
eclipse.buildId=4.12.0.I20190605-1800
java.version=14.0.1
java.vendor=Oracle Corporation
BootLoader constants: OS=win32, ARCH=x86_64, WS=win32, NL=en_IN
Framework arguments:  -product org.eclipse.epp.package.jee.product
Command-line arguments:  -os win32 -ws win32 -arch x86_64 -product org.eclipse.epp.package.jee.product

This is a continuation of log file C:\DemoMavenProject\.metadata\.bak_0.log
Created Time: 2020-05-13 13:02:18.696

!ENTRY org.eclipse.equinox.p2.transport.ecf 4 1002 2020-05-13 13:02:18.696
!MESSAGE HTTP Remote File Permanently Removed: http://beust.com/eclipse/compositeContent.xml
!STACK 1
org.eclipse.ecf.filetransfer.BrowseFileTransferException: HttpComponents connection error response code 410.
	at org.eclipse.ecf.provider.filetransfer.httpclient45.HttpClientFileSystemBrowser.runRequest(HttpClientFileSystemBrowser.java:276)
	at org.eclipse.ecf.provider.filetransfer.browse.AbstractFileSystemBrowser$DirectoryJob.run(AbstractFileSystemBrowser.java:69)
	at org.eclipse.core.internal.jobs.Worker.run(Worker.java:63)
!SUBENTRY 1 org.eclipse.ecf.identity 4 0 2020-05-13 13:02:18.716
!MESSAGE HttpComponents connection error response code 410.

!ENTRY org.eclipse.m2e.logback.appender 2 0 2020-05-13 13:06:00.856
!MESSAGE Using platform encoding (Cp1252 actually) to copy filtered resources, i.e. build is platform dependent!

!ENTRY org.eclipse.m2e.logback.appender 2 0 2020-05-13 13:06:00.917
!MESSAGE Using platform encoding (Cp1252 actually) to copy filtered resources, i.e. build is platform dependent!

!ENTRY org.eclipse.jdt.junit.core 4 4 2020-05-13 13:06:12.965
!MESSAGE Error
!STACK 0
java.lang.Exception: Unexpected TestElement type for testId '3': TestSuite: Scenario: Validate the parameterization using Data tables in Gherkin : Not Started - Undefined (8)
	at org.eclipse.jdt.internal.junit.model.TestRunSession$TestSessionNotifier.logUnexpectedTest(TestRunSession.java:807)
	at org.eclipse.jdt.internal.junit.model.TestRunSession$TestSessionNotifier.testStarted(TestRunSession.java:714)
	at org.eclipse.jdt.internal.junit.model.RemoteTestRunnerClient$5.run(RemoteTestRunnerClient.java:541)
	at org.eclipse.core.runtime.SafeRunner.run(SafeRunner.java:45)
	at org.eclipse.jdt.internal.junit.model.RemoteTestRunnerClient.notifyTestStarted(RemoteTestRunnerClient.java:537)
	at org.eclipse.jdt.internal.junit.model.RemoteTestRunnerClient.access$6(RemoteTestRunnerClient.java:532)
	at org.eclipse.jdt.internal.junit.model.RemoteTestRunnerClient$DefaultProcessingState.readMessage(RemoteTestRunnerClient.java:92)
	at org.eclipse.jdt.internal.junit.model.RemoteTestRunnerClient.receiveMessage(RemoteTestRunnerClient.java:376)
	at org.eclipse.jdt.internal.junit.model.RemoteTestRunnerClient.access$27(RemoteTestRunnerClient.java:375)
	at org.eclipse.jdt.internal.junit.model.RemoteTestRunnerClient$ServerConnection.run(RemoteTestRunnerClient.java:273)

!ENTRY org.eclipse.jdt.junit.core 4 4 2020-05-13 13:06:53.210
!MESSAGE Error
!STACK 0
java.lang.Exception: Unexpected TestElement type for testId '3': TestSuite: Scenario: Validate the parameterization using Data tables in Gherkin : Completed - OK (8)
	at org.eclipse.jdt.internal.junit.model.TestRunSession$TestSessionNotifier.logUnexpectedTest(TestRunSession.java:807)
	at org.eclipse.jdt.internal.junit.model.TestRunSession$TestSessionNotifier.testEnded(TestRunSession.java:744)
	at org.eclipse.jdt.internal.junit.model.RemoteTestRunnerClient$4.run(RemoteTestRunnerClient.java:526)
	at org.eclipse.core.runtime.SafeRunner.run(SafeRunner.java:45)
	at org.eclipse.jdt.internal.junit.model.RemoteTestRunnerClient.notifyTestEnded(RemoteTestRunnerClient.java:522)
	at org.eclipse.jdt.internal.junit.model.RemoteTestRunnerClient.access$7(RemoteTestRunnerClient.java:517)
	at org.eclipse.jdt.internal.junit.model.RemoteTestRunnerClient$DefaultProcessingState.readMessage(RemoteTestRunnerClient.java:96)
	at org.eclipse.jdt.internal.junit.model.RemoteTestRunnerClient.receiveMessage(RemoteTestRunnerClient.java:376)
	at org.eclipse.jdt.internal.junit.model.RemoteTestRunnerClient.access$27(RemoteTestRunnerClient.java:375)
	at org.eclipse.jdt.internal.junit.model.RemoteTestRunnerClient$ServerConnection.run(RemoteTestRunnerClient.java:273)

!ENTRY org.eclipse.m2e.logback.appender 2 0 2020-05-13 13:08:38.066
!MESSAGE Using platform encoding (Cp1252 actually) to copy filtered resources, i.e. build is platform dependent!

!ENTRY org.eclipse.m2e.logback.appender 2 0 2020-05-13 13:08:38.094
!MESSAGE Using platform encoding (Cp1252 actually) to copy filtered resources, i.e. build is platform dependent!

!ENTRY org.eclipse.jdt.junit.core 4 4 2020-05-13 13:08:49.004
!MESSAGE Error
!STACK 0
java.lang.Exception: Unexpected TestElement type for testId '3': TestSuite: Scenario: Validate the parameterization using Data tables in Gherkin : Not Started - Undefined (8)
	at org.eclipse.jdt.internal.junit.model.TestRunSession$TestSessionNotifier.logUnexpectedTest(TestRunSession.java:807)
	at org.eclipse.jdt.internal.junit.model.TestRunSession$TestSessionNotifier.testStarted(TestRunSession.java:714)
	at org.eclipse.jdt.internal.junit.model.RemoteTestRunnerClient$5.run(RemoteTestRunnerClient.java:541)
	at org.eclipse.core.runtime.SafeRunner.run(SafeRunner.java:45)
	at org.eclipse.jdt.internal.junit.model.RemoteTestRunnerClient.notifyTestStarted(RemoteTestRunnerClient.java:537)
	at org.eclipse.jdt.internal.junit.model.RemoteTestRunnerClient.access$6(RemoteTestRunnerClient.java:532)
	at org.eclipse.jdt.internal.junit.model.RemoteTestRunnerClient$DefaultProcessingState.readMessage(RemoteTestRunnerClient.java:92)
	at org.eclipse.jdt.internal.junit.model.RemoteTestRunnerClient.receiveMessage(RemoteTestRunnerClient.java:376)
	at org.eclipse.jdt.internal.junit.model.RemoteTestRunnerClient.access$27(RemoteTestRunnerClient.java:375)
	at org.eclipse.jdt.internal.junit.model.RemoteTestRunnerClient$ServerConnection.run(RemoteTestRunnerClient.java:273)

!ENTRY org.eclipse.jdt.junit.core 4 4 2020-05-13 13:09:29.261
!MESSAGE Error
!STACK 0
java.lang.Exception: Unexpected TestElement type for testId '3': TestSuite: Scenario: Validate the parameterization using Data tables in Gherkin : Completed - Error (8)
	at org.eclipse.jdt.internal.junit.model.TestRunSession$TestSessionNotifier.logUnexpectedTest(TestRunSession.java:807)
	at org.eclipse.jdt.internal.junit.model.TestRunSession$TestSessionNotifier.testEnded(TestRunSession.java:744)
	at org.eclipse.jdt.internal.junit.model.RemoteTestRunnerClient$4.run(RemoteTestRunnerClient.java:526)
	at org.eclipse.core.runtime.SafeRunner.run(SafeRunner.java:45)
	at org.eclipse.jdt.internal.junit.model.RemoteTestRunnerClient.notifyTestEnded(RemoteTestRunnerClient.java:522)
	at org.eclipse.jdt.internal.junit.model.RemoteTestRunnerClient.access$7(RemoteTestRunnerClient.java:517)
	at org.eclipse.jdt.internal.junit.model.RemoteTestRunnerClient$DefaultProcessingState.readMessage(RemoteTestRunnerClient.java:96)
	at org.eclipse.jdt.internal.junit.model.RemoteTestRunnerClient.receiveMessage(RemoteTestRunnerClient.java:376)
	at org.eclipse.jdt.internal.junit.model.RemoteTestRunnerClient.access$27(RemoteTestRunnerClient.java:375)
	at org.eclipse.jdt.internal.junit.model.RemoteTestRunnerClient$ServerConnection.run(RemoteTestRunnerClient.java:273)

!ENTRY org.eclipse.jdt.junit.core 4 4 2020-05-13 13:09:34.912
!MESSAGE Error
!STACK 0
java.lang.Exception: Unexpected TestElement type for testId '3': TestSuite: Scenario: Validate the parameterization using Data tables in Gherkin : Not Started - Undefined (8)
	at org.eclipse.jdt.internal.junit.model.TestRunSession$TestSessionNotifier.logUnexpectedTest(TestRunSession.java:807)
	at org.eclipse.jdt.internal.junit.model.TestRunSession$TestSessionNotifier.testStarted(TestRunSession.java:714)
	at org.eclipse.jdt.internal.junit.model.RemoteTestRunnerClient$5.run(RemoteTestRunnerClient.java:541)
	at org.eclipse.core.runtime.SafeRunner.run(SafeRunner.java:45)
	at org.eclipse.jdt.internal.junit.model.RemoteTestRunnerClient.notifyTestStarted(RemoteTestRunnerClient.java:537)
	at org.eclipse.jdt.internal.junit.model.RemoteTestRunnerClient.access$6(RemoteTestRunnerClient.java:532)
	at org.eclipse.jdt.internal.junit.model.RemoteTestRunnerClient$DefaultProcessingState.readMessage(RemoteTestRunnerClient.java:92)
	at org.eclipse.jdt.internal.junit.model.RemoteTestRunnerClient.receiveMessage(RemoteTestRunnerClient.java:376)
	at org.eclipse.jdt.internal.junit.model.RemoteTestRunnerClient.access$27(RemoteTestRunnerClient.java:375)
	at org.eclipse.jdt.internal.junit.model.RemoteTestRunnerClient$ServerConnection.run(RemoteTestRunnerClient.java:273)

!ENTRY org.eclipse.jdt.junit.core 4 4 2020-05-13 13:10:09.081
!MESSAGE Error
!STACK 0
java.lang.Exception: Unexpected TestElement type for testId '3': TestSuite: Scenario: Validate the parameterization using Data tables in Gherkin : Completed - Error (8)
	at org.eclipse.jdt.internal.junit.model.TestRunSession$TestSessionNotifier.logUnexpectedTest(TestRunSession.java:807)
	at org.eclipse.jdt.internal.junit.model.TestRunSession$TestSessionNotifier.testEnded(TestRunSession.java:744)
	at org.eclipse.jdt.internal.junit.model.RemoteTestRunnerClient$4.run(RemoteTestRunnerClient.java:526)
	at org.eclipse.core.runtime.SafeRunner.run(SafeRunner.java:45)
	at org.eclipse.jdt.internal.junit.model.RemoteTestRunnerClient.notifyTestEnded(RemoteTestRunnerClient.java:522)
	at org.eclipse.jdt.internal.junit.model.RemoteTestRunnerClient.access$7(RemoteTestRunnerClient.java:517)
	at org.eclipse.jdt.internal.junit.model.RemoteTestRunnerClient$DefaultProcessingState.readMessage(RemoteTestRunnerClient.java:96)
	at org.eclipse.jdt.internal.junit.model.RemoteTestRunnerClient.receiveMessage(RemoteTestRunnerClient.java:376)
	at org.eclipse.jdt.internal.junit.model.RemoteTestRunnerClient.access$27(RemoteTestRunnerClient.java:375)
	at org.eclipse.jdt.internal.junit.model.RemoteTestRunnerClient$ServerConnection.run(RemoteTestRunnerClient.java:273)

!ENTRY org.eclipse.m2e.logback.appender 2 0 2020-05-13 13:11:18.698
!MESSAGE Using platform encoding (Cp1252 actually) to copy filtered resources, i.e. build is platform dependent!

!ENTRY org.eclipse.m2e.logback.appender 2 0 2020-05-13 13:11:18.705
!MESSAGE Using platform encoding (Cp1252 actually) to copy filtered resources, i.e. build is platform dependent!

!ENTRY org.eclipse.jdt.junit.core 4 4 2020-05-13 13:11:40.795
!MESSAGE Error
!STACK 0
java.lang.Exception: Unexpected TestElement type for testId '3': TestSuite: Scenario: Validate the parameterization using Data tables in Gherkin : Not Started - Undefined (8)
	at org.eclipse.jdt.internal.junit.model.TestRunSession$TestSessionNotifier.logUnexpectedTest(TestRunSession.java:807)
	at org.eclipse.jdt.internal.junit.model.TestRunSession$TestSessionNotifier.testStarted(TestRunSession.java:714)
	at org.eclipse.jdt.internal.junit.model.RemoteTestRunnerClient$5.run(RemoteTestRunnerClient.java:541)
	at org.eclipse.core.runtime.SafeRunner.run(SafeRunner.java:45)
	at org.eclipse.jdt.internal.junit.model.RemoteTestRunnerClient.notifyTestStarted(RemoteTestRunnerClient.java:537)
	at org.eclipse.jdt.internal.junit.model.RemoteTestRunnerClient.access$6(RemoteTestRunnerClient.java:532)
	at org.eclipse.jdt.internal.junit.model.RemoteTestRunnerClient$DefaultProcessingState.readMessage(RemoteTestRunnerClient.java:92)
	at org.eclipse.jdt.internal.junit.model.RemoteTestRunnerClient.receiveMessage(RemoteTestRunnerClient.java:376)
	at org.eclipse.jdt.internal.junit.model.RemoteTestRunnerClient.access$27(RemoteTestRunnerClient.java:375)
	at org.eclipse.jdt.internal.junit.model.RemoteTestRunnerClient$ServerConnection.run(RemoteTestRunnerClient.java:273)

!ENTRY org.eclipse.jdt.junit.core 4 4 2020-05-13 13:12:22.947
!MESSAGE Error
!STACK 0
java.lang.Exception: Unexpected TestElement type for testId '3': TestSuite: Scenario: Validate the parameterization using Data tables in Gherkin : Completed - Error (8)
	at org.eclipse.jdt.internal.junit.model.TestRunSession$TestSessionNotifier.logUnexpectedTest(TestRunSession.java:807)
	at org.eclipse.jdt.internal.junit.model.TestRunSession$TestSessionNotifier.testEnded(TestRunSession.java:744)
	at org.eclipse.jdt.internal.junit.model.RemoteTestRunnerClient$4.run(RemoteTestRunnerClient.java:526)
	at org.eclipse.core.runtime.SafeRunner.run(SafeRunner.java:45)
	at org.eclipse.jdt.internal.junit.model.RemoteTestRunnerClient.notifyTestEnded(RemoteTestRunnerClient.java:522)
	at org.eclipse.jdt.internal.junit.model.RemoteTestRunnerClient.access$7(RemoteTestRunnerClient.java:517)
	at org.eclipse.jdt.internal.junit.model.RemoteTestRunnerClient$DefaultProcessingState.readMessage(RemoteTestRunnerClient.java:96)
	at org.eclipse.jdt.internal.junit.model.RemoteTestRunnerClient.receiveMessage(RemoteTestRunnerClient.java:376)
	at org.eclipse.jdt.internal.junit.model.RemoteTestRunnerClient.access$27(RemoteTestRunnerClient.java:375)
	at org.eclipse.jdt.internal.junit.model.RemoteTestRunnerClient$ServerConnection.run(RemoteTestRunnerClient.java:273)

!ENTRY org.eclipse.m2e.logback.appender 2 0 2020-05-13 13:15:37.567
!MESSAGE Using platform encoding (Cp1252 actually) to copy filtered resources, i.e. build is platform dependent!

!ENTRY org.eclipse.m2e.logback.appender 2 0 2020-05-13 13:15:37.632
!MESSAGE Using platform encoding (Cp1252 actually) to copy filtered resources, i.e. build is platform dependent!

!ENTRY org.eclipse.jdt.junit.core 4 4 2020-05-13 13:15:50.504
!MESSAGE Error
!STACK 0
java.lang.Exception: Unexpected TestElement type for testId '3': TestSuite: Scenario: Validate the parameterization using Data tables in Gherkin : Not Started - Undefined (8)
	at org.eclipse.jdt.internal.junit.model.TestRunSession$TestSessionNotifier.logUnexpectedTest(TestRunSession.java:807)
	at org.eclipse.jdt.internal.junit.model.TestRunSession$TestSessionNotifier.testStarted(TestRunSession.java:714)
	at org.eclipse.jdt.internal.junit.model.RemoteTestRunnerClient$5.run(RemoteTestRunnerClient.java:541)
	at org.eclipse.core.runtime.SafeRunner.run(SafeRunner.java:45)
	at org.eclipse.jdt.internal.junit.model.RemoteTestRunnerClient.notifyTestStarted(RemoteTestRunnerClient.java:537)
	at org.eclipse.jdt.internal.junit.model.RemoteTestRunnerClient.access$6(RemoteTestRunnerClient.java:532)
	at org.eclipse.jdt.internal.junit.model.RemoteTestRunnerClient$DefaultProcessingState.readMessage(RemoteTestRunnerClient.java:92)
	at org.eclipse.jdt.internal.junit.model.RemoteTestRunnerClient.receiveMessage(RemoteTestRunnerClient.java:376)
	at org.eclipse.jdt.internal.junit.model.RemoteTestRunnerClient.access$27(RemoteTestRunnerClient.java:375)
	at org.eclipse.jdt.internal.junit.model.RemoteTestRunnerClient$ServerConnection.run(RemoteTestRunnerClient.java:273)

!ENTRY org.eclipse.jdt.junit.core 4 4 2020-05-13 13:16:44.443
!MESSAGE Error
!STACK 0
java.lang.Exception: Unexpected TestElement type for testId '3': TestSuite: Scenario: Validate the parameterization using Data tables in Gherkin : Completed - Error (8)
	at org.eclipse.jdt.internal.junit.model.TestRunSession$TestSessionNotifier.logUnexpectedTest(TestRunSession.java:807)
	at org.eclipse.jdt.internal.junit.model.TestRunSession$TestSessionNotifier.testEnded(TestRunSession.java:744)
	at org.eclipse.jdt.internal.junit.model.RemoteTestRunnerClient$4.run(RemoteTestRunnerClient.java:526)
	at org.eclipse.core.runtime.SafeRunner.run(SafeRunner.java:45)
	at org.eclipse.jdt.internal.junit.model.RemoteTestRunnerClient.notifyTestEnded(RemoteTestRunnerClient.java:522)
	at org.eclipse.jdt.internal.junit.model.RemoteTestRunnerClient.access$7(RemoteTestRunnerClient.java:517)
	at org.eclipse.jdt.internal.junit.model.RemoteTestRunnerClient$DefaultProcessingState.readMessage(RemoteTestRunnerClient.java:96)
	at org.eclipse.jdt.internal.junit.model.RemoteTestRunnerClient.receiveMessage(RemoteTestRunnerClient.java:376)
	at org.eclipse.jdt.internal.junit.model.RemoteTestRunnerClient.access$27(RemoteTestRunnerClient.java:375)
	at org.eclipse.jdt.internal.junit.model.RemoteTestRunnerClient$ServerConnection.run(RemoteTestRunnerClient.java:273)

!ENTRY org.eclipse.m2e.logback.appender 2 0 2020-05-13 13:23:06.848
!MESSAGE Using platform encoding (Cp1252 actually) to copy filtered resources, i.e. build is platform dependent!

!ENTRY org.eclipse.m2e.logback.appender 2 0 2020-05-13 13:23:06.851
!MESSAGE Using platform encoding (Cp1252 actually) to copy filtered resources, i.e. build is platform dependent!

!ENTRY org.eclipse.m2e.logback.appender 2 0 2020-05-13 13:23:12.676
!MESSAGE Using platform encoding (Cp1252 actually) to copy filtered resources, i.e. build is platform dependent!

!ENTRY org.eclipse.m2e.logback.appender 2 0 2020-05-13 13:23:12.718
!MESSAGE Using platform encoding (Cp1252 actually) to copy filtered resources, i.e. build is platform dependent!

!ENTRY org.eclipse.jdt.junit.core 4 4 2020-05-13 13:23:31.337
!MESSAGE Error
!STACK 0
java.lang.Exception: Unexpected TestElement type for testId '3': TestSuite: Scenario: Validate the parameterization using Data tables in Gherkin : Not Started - Undefined (8)
	at org.eclipse.jdt.internal.junit.model.TestRunSession$TestSessionNotifier.logUnexpectedTest(TestRunSession.java:807)
	at org.eclipse.jdt.internal.junit.model.TestRunSession$TestSessionNotifier.testStarted(TestRunSession.java:714)
	at org.eclipse.jdt.internal.junit.model.RemoteTestRunnerClient$5.run(RemoteTestRunnerClient.java:541)
	at org.eclipse.core.runtime.SafeRunner.run(SafeRunner.java:45)
	at org.eclipse.jdt.internal.junit.model.RemoteTestRunnerClient.notifyTestStarted(RemoteTestRunnerClient.java:537)
	at org.eclipse.jdt.internal.junit.model.RemoteTestRunnerClient.access$6(RemoteTestRunnerClient.java:532)
	at org.eclipse.jdt.internal.junit.model.RemoteTestRunnerClient$DefaultProcessingState.readMessage(RemoteTestRunnerClient.java:92)
	at org.eclipse.jdt.internal.junit.model.RemoteTestRunnerClient.receiveMessage(RemoteTestRunnerClient.java:376)
	at org.eclipse.jdt.internal.junit.model.RemoteTestRunnerClient.access$27(RemoteTestRunnerClient.java:375)
	at org.eclipse.jdt.internal.junit.model.RemoteTestRunnerClient$ServerConnection.run(RemoteTestRunnerClient.java:273)

!ENTRY org.eclipse.jdt.junit.core 4 4 2020-05-13 13:24:27.785
!MESSAGE Error
!STACK 0
java.lang.Exception: Unexpected TestElement type for testId '3': TestSuite: Scenario: Validate the parameterization using Data tables in Gherkin : Completed - Error (8)
	at org.eclipse.jdt.internal.junit.model.TestRunSession$TestSessionNotifier.logUnexpectedTest(TestRunSession.java:807)
	at org.eclipse.jdt.internal.junit.model.TestRunSession$TestSessionNotifier.testEnded(TestRunSession.java:744)
	at org.eclipse.jdt.internal.junit.model.RemoteTestRunnerClient$4.run(RemoteTestRunnerClient.java:526)
	at org.eclipse.core.runtime.SafeRunner.run(SafeRunner.java:45)
	at org.eclipse.jdt.internal.junit.model.RemoteTestRunnerClient.notifyTestEnded(RemoteTestRunnerClient.java:522)
	at org.eclipse.jdt.internal.junit.model.RemoteTestRunnerClient.access$7(RemoteTestRunnerClient.java:517)
	at org.eclipse.jdt.internal.junit.model.RemoteTestRunnerClient$DefaultProcessingState.readMessage(RemoteTestRunnerClient.java:96)
	at org.eclipse.jdt.internal.junit.model.RemoteTestRunnerClient.receiveMessage(RemoteTestRunnerClient.java:376)
	at org.eclipse.jdt.internal.junit.model.RemoteTestRunnerClient.access$27(RemoteTestRunnerClient.java:375)
	at org.eclipse.jdt.internal.junit.model.RemoteTestRunnerClient$ServerConnection.run(RemoteTestRunnerClient.java:273)

!ENTRY org.eclipse.m2e.logback.appender 2 0 2020-05-13 13:26:01.592
!MESSAGE Using platform encoding (Cp1252 actually) to copy filtered resources, i.e. build is platform dependent!

!ENTRY org.eclipse.m2e.logback.appender 2 0 2020-05-13 13:26:01.752
!MESSAGE Using platform encoding (Cp1252 actually) to copy filtered resources, i.e. build is platform dependent!

!ENTRY org.eclipse.jdt.junit.core 4 4 2020-05-13 13:26:21.339
!MESSAGE Error
!STACK 0
java.lang.Exception: Unexpected TestElement type for testId '3': TestSuite: Scenario: Validate the parameterization using Data tables in Gherkin : Not Started - Undefined (8)
	at org.eclipse.jdt.internal.junit.model.TestRunSession$TestSessionNotifier.logUnexpectedTest(TestRunSession.java:807)
	at org.eclipse.jdt.internal.junit.model.TestRunSession$TestSessionNotifier.testStarted(TestRunSession.java:714)
	at org.eclipse.jdt.internal.junit.model.RemoteTestRunnerClient$5.run(RemoteTestRunnerClient.java:541)
	at org.eclipse.core.runtime.SafeRunner.run(SafeRunner.java:45)
	at org.eclipse.jdt.internal.junit.model.RemoteTestRunnerClient.notifyTestStarted(RemoteTestRunnerClient.java:537)
	at org.eclipse.jdt.internal.junit.model.RemoteTestRunnerClient.access$6(RemoteTestRunnerClient.java:532)
	at org.eclipse.jdt.internal.junit.model.RemoteTestRunnerClient$DefaultProcessingState.readMessage(RemoteTestRunnerClient.java:92)
	at org.eclipse.jdt.internal.junit.model.RemoteTestRunnerClient.receiveMessage(RemoteTestRunnerClient.java:376)
	at org.eclipse.jdt.internal.junit.model.RemoteTestRunnerClient.access$27(RemoteTestRunnerClient.java:375)
	at org.eclipse.jdt.internal.junit.model.RemoteTestRunnerClient$ServerConnection.run(RemoteTestRunnerClient.java:273)

!ENTRY org.eclipse.jdt.junit.core 4 4 2020-05-13 13:27:29.118
!MESSAGE Error
!STACK 0
java.lang.Exception: Unexpected TestElement type for testId '3': TestSuite: Scenario: Validate the parameterization using Data tables in Gherkin : Completed - Error (8)
	at org.eclipse.jdt.internal.junit.model.TestRunSession$TestSessionNotifier.logUnexpectedTest(TestRunSession.java:807)
	at org.eclipse.jdt.internal.junit.model.TestRunSession$TestSessionNotifier.testEnded(TestRunSession.java:744)
	at org.eclipse.jdt.internal.junit.model.RemoteTestRunnerClient$4.run(RemoteTestRunnerClient.java:526)
	at org.eclipse.core.runtime.SafeRunner.run(SafeRunner.java:45)
	at org.eclipse.jdt.internal.junit.model.RemoteTestRunnerClient.notifyTestEnded(RemoteTestRunnerClient.java:522)
	at org.eclipse.jdt.internal.junit.model.RemoteTestRunnerClient.access$7(RemoteTestRunnerClient.java:517)
	at org.eclipse.jdt.internal.junit.model.RemoteTestRunnerClient$DefaultProcessingState.readMessage(RemoteTestRunnerClient.java:96)
	at org.eclipse.jdt.internal.junit.model.RemoteTestRunnerClient.receiveMessage(RemoteTestRunnerClient.java:376)
	at org.eclipse.jdt.internal.junit.model.RemoteTestRunnerClient.access$27(RemoteTestRunnerClient.java:375)
	at org.eclipse.jdt.internal.junit.model.RemoteTestRunnerClient$ServerConnection.run(RemoteTestRunnerClient.java:273)

!ENTRY org.eclipse.m2e.logback.appender 2 0 2020-05-13 13:29:09.265
!MESSAGE Using platform encoding (Cp1252 actually) to copy filtered resources, i.e. build is platform dependent!

!ENTRY org.eclipse.m2e.logback.appender 2 0 2020-05-13 13:29:09.289
!MESSAGE Using platform encoding (Cp1252 actually) to copy filtered resources, i.e. build is platform dependent!

!ENTRY org.eclipse.jdt.junit.core 4 4 2020-05-13 13:29:22.048
!MESSAGE Error
!STACK 0
java.lang.Exception: Unexpected TestElement type for testId '3': TestSuite: Scenario: Validate the parameterization using Data tables in Gherkin : Not Started - Undefined (8)
	at org.eclipse.jdt.internal.junit.model.TestRunSession$TestSessionNotifier.logUnexpectedTest(TestRunSession.java:807)
	at org.eclipse.jdt.internal.junit.model.TestRunSession$TestSessionNotifier.testStarted(TestRunSession.java:714)
	at org.eclipse.jdt.internal.junit.model.RemoteTestRunnerClient$5.run(RemoteTestRunnerClient.java:541)
	at org.eclipse.core.runtime.SafeRunner.run(SafeRunner.java:45)
	at org.eclipse.jdt.internal.junit.model.RemoteTestRunnerClient.notifyTestStarted(RemoteTestRunnerClient.java:537)
	at org.eclipse.jdt.internal.junit.model.RemoteTestRunnerClient.access$6(RemoteTestRunnerClient.java:532)
	at org.eclipse.jdt.internal.junit.model.RemoteTestRunnerClient$DefaultProcessingState.readMessage(RemoteTestRunnerClient.java:92)
	at org.eclipse.jdt.internal.junit.model.RemoteTestRunnerClient.receiveMessage(RemoteTestRunnerClient.java:376)
	at org.eclipse.jdt.internal.junit.model.RemoteTestRunnerClient.access$27(RemoteTestRunnerClient.java:375)
	at org.eclipse.jdt.internal.junit.model.RemoteTestRunnerClient$ServerConnection.run(RemoteTestRunnerClient.java:273)

!ENTRY org.eclipse.jdt.junit.core 4 4 2020-05-13 13:30:28.064
!MESSAGE Error
!STACK 0
java.lang.Exception: Unexpected TestElement type for testId '3': TestSuite: Scenario: Validate the parameterization using Data tables in Gherkin : Completed - OK (8)
	at org.eclipse.jdt.internal.junit.model.TestRunSession$TestSessionNotifier.logUnexpectedTest(TestRunSession.java:807)
	at org.eclipse.jdt.internal.junit.model.TestRunSession$TestSessionNotifier.testEnded(TestRunSession.java:744)
	at org.eclipse.jdt.internal.junit.model.RemoteTestRunnerClient$4.run(RemoteTestRunnerClient.java:526)
	at org.eclipse.core.runtime.SafeRunner.run(SafeRunner.java:45)
	at org.eclipse.jdt.internal.junit.model.RemoteTestRunnerClient.notifyTestEnded(RemoteTestRunnerClient.java:522)
	at org.eclipse.jdt.internal.junit.model.RemoteTestRunnerClient.access$7(RemoteTestRunnerClient.java:517)
	at org.eclipse.jdt.internal.junit.model.RemoteTestRunnerClient$DefaultProcessingState.readMessage(RemoteTestRunnerClient.java:96)
	at org.eclipse.jdt.internal.junit.model.RemoteTestRunnerClient.receiveMessage(RemoteTestRunnerClient.java:376)
	at org.eclipse.jdt.internal.junit.model.RemoteTestRunnerClient.access$27(RemoteTestRunnerClient.java:375)
	at org.eclipse.jdt.internal.junit.model.RemoteTestRunnerClient$ServerConnection.run(RemoteTestRunnerClient.java:273)

!ENTRY org.eclipse.m2e.logback.appender 2 0 2020-05-13 14:29:01.627
!MESSAGE Using platform encoding (Cp1252 actually) to copy filtered resources, i.e. build is platform dependent!

!ENTRY org.eclipse.m2e.logback.appender 2 0 2020-05-13 14:29:01.753
!MESSAGE Using platform encoding (Cp1252 actually) to copy filtered resources, i.e. build is platform dependent!

!ENTRY org.eclipse.m2e.logback.appender 2 0 2020-05-13 14:29:37.401
!MESSAGE Using platform encoding (Cp1252 actually) to copy filtered resources, i.e. build is platform dependent!

!ENTRY org.eclipse.m2e.logback.appender 2 0 2020-05-13 14:29:37.409
!MESSAGE Using platform encoding (Cp1252 actually) to copy filtered resources, i.e. build is platform dependent!

!ENTRY org.eclipse.jdt.junit.core 4 4 2020-05-13 14:30:01.421
!MESSAGE Error
!STACK 0
java.lang.Exception: Unexpected TestElement type for testId '3': TestSuite: Scenario: Validate the parameterization using Data tables in Gherkin : Not Started - Undefined (8)
	at org.eclipse.jdt.internal.junit.model.TestRunSession$TestSessionNotifier.logUnexpectedTest(TestRunSession.java:807)
	at org.eclipse.jdt.internal.junit.model.TestRunSession$TestSessionNotifier.testStarted(TestRunSession.java:714)
	at org.eclipse.jdt.internal.junit.model.RemoteTestRunnerClient$5.run(RemoteTestRunnerClient.java:541)
	at org.eclipse.core.runtime.SafeRunner.run(SafeRunner.java:45)
	at org.eclipse.jdt.internal.junit.model.RemoteTestRunnerClient.notifyTestStarted(RemoteTestRunnerClient.java:537)
	at org.eclipse.jdt.internal.junit.model.RemoteTestRunnerClient.access$6(RemoteTestRunnerClient.java:532)
	at org.eclipse.jdt.internal.junit.model.RemoteTestRunnerClient$DefaultProcessingState.readMessage(RemoteTestRunnerClient.java:92)
	at org.eclipse.jdt.internal.junit.model.RemoteTestRunnerClient.receiveMessage(RemoteTestRunnerClient.java:376)
	at org.eclipse.jdt.internal.junit.model.RemoteTestRunnerClient.access$27(RemoteTestRunnerClient.java:375)
	at org.eclipse.jdt.internal.junit.model.RemoteTestRunnerClient$ServerConnection.run(RemoteTestRunnerClient.java:273)

!ENTRY org.eclipse.jdt.junit.core 4 4 2020-05-13 14:35:39.464
!MESSAGE Error
!STACK 0
java.lang.Exception: Unexpected TestElement type for testId '3': TestSuite: Scenario: Validate the parameterization using Data tables in Gherkin : Completed - Error (8)
	at org.eclipse.jdt.internal.junit.model.TestRunSession$TestSessionNotifier.logUnexpectedTest(TestRunSession.java:807)
	at org.eclipse.jdt.internal.junit.model.TestRunSession$TestSessionNotifier.testEnded(TestRunSession.java:744)
	at org.eclipse.jdt.internal.junit.model.RemoteTestRunnerClient$4.run(RemoteTestRunnerClient.java:526)
	at org.eclipse.core.runtime.SafeRunner.run(SafeRunner.java:45)
	at org.eclipse.jdt.internal.junit.model.RemoteTestRunnerClient.notifyTestEnded(RemoteTestRunnerClient.java:522)
	at org.eclipse.jdt.internal.junit.model.RemoteTestRunnerClient.access$7(RemoteTestRunnerClient.java:517)
	at org.eclipse.jdt.internal.junit.model.RemoteTestRunnerClient$DefaultProcessingState.readMessage(RemoteTestRunnerClient.java:96)
	at org.eclipse.jdt.internal.junit.model.RemoteTestRunnerClient.receiveMessage(RemoteTestRunnerClient.java:376)
	at org.eclipse.jdt.internal.junit.model.RemoteTestRunnerClient.access$27(RemoteTestRunnerClient.java:375)
	at org.eclipse.jdt.internal.junit.model.RemoteTestRunnerClient$ServerConnection.run(RemoteTestRunnerClient.java:273)

!ENTRY org.eclipse.jdt.core 4 4 2020-05-13 14:37:07.733
!MESSAGE File not found: '/ /ParentRunner.java'
!STACK 1
org.eclipse.core.runtime.CoreException: File not found: '/ /ParentRunner.java'
	at org.eclipse.jdt.internal.core.util.Util.getResourceContentsAsCharArray(Util.java:1194)
	at org.eclipse.jdt.internal.core.CompilationUnit.getContents(CompilationUnit.java:682)
	at org.eclipse.jdt.internal.compiler.parser.Scanner.setSource(Scanner.java:4056)
	at org.eclipse.jdt.internal.compiler.parser.Scanner.setSource(Scanner.java:4072)
	at org.eclipse.jdt.internal.codeassist.impl.Engine.parseBlockStatements(Engine.java:311)
	at org.eclipse.jdt.internal.codeassist.SelectionEngine.select(SelectionEngine.java:1069)
	at org.eclipse.jdt.internal.core.Openable.codeSelect(Openable.java:168)
	at org.eclipse.jdt.internal.core.CompilationUnit.codeSelect(CompilationUnit.java:390)
	at org.eclipse.jdt.internal.core.CompilationUnit.codeSelect(CompilationUnit.java:383)
	at org.eclipse.jdt.internal.ui.text.java.hover.AbstractJavaEditorTextHover.getJavaElementsAt(AbstractJavaEditorTextHover.java:124)
	at org.eclipse.jdt.internal.ui.text.java.hover.JavadocHover.internalGetHoverInfo(JavadocHover.java:674)
	at org.eclipse.jdt.internal.ui.text.java.hover.JavadocHover.getHoverInfo2(JavadocHover.java:670)
	at org.eclipse.jdt.internal.ui.text.java.hover.BestMatchHover.getHoverInfo2(BestMatchHover.java:167)
	at org.eclipse.jdt.internal.ui.text.java.hover.BestMatchHover.getHoverInfo2(BestMatchHover.java:133)
	at org.eclipse.jdt.internal.ui.text.java.hover.JavaEditorTextHoverProxy.getHoverInfo2(JavaEditorTextHoverProxy.java:89)
	at org.eclipse.jface.text.TextViewerHoverManager$4.run(TextViewerHoverManager.java:169)
!SUBENTRY 1 org.eclipse.jdt.core 4 0 2020-05-13 14:37:07.735
!MESSAGE File not found: '/ /ParentRunner.java'

!ENTRY org.eclipse.m2e.logback.appender 2 0 2020-05-13 14:51:53.273
!MESSAGE Using platform encoding (Cp1252 actually) to copy filtered resources, i.e. build is platform dependent!

!ENTRY org.eclipse.m2e.logback.appender 2 0 2020-05-13 14:51:53.339
!MESSAGE Using platform encoding (Cp1252 actually) to copy filtered resources, i.e. build is platform dependent!

!ENTRY org.eclipse.m2e.logback.appender 2 0 2020-05-13 14:53:55.714
!MESSAGE Using platform encoding (Cp1252 actually) to copy filtered resources, i.e. build is platform dependent!

!ENTRY org.eclipse.m2e.logback.appender 2 0 2020-05-13 14:53:55.726
!MESSAGE Using platform encoding (Cp1252 actually) to copy filtered resources, i.e. build is platform dependent!

!ENTRY org.eclipse.jdt.junit.core 4 4 2020-05-13 14:54:23.715
!MESSAGE Error
!STACK 0
java.lang.Exception: Unexpected TestElement type for testId '3': TestSuite: Scenario: Validate the parameterization using Data tables in Gherkin : Not Started - Undefined (8)
	at org.eclipse.jdt.internal.junit.model.TestRunSession$TestSessionNotifier.logUnexpectedTest(TestRunSession.java:807)
	at org.eclipse.jdt.internal.junit.model.TestRunSession$TestSessionNotifier.testStarted(TestRunSession.java:714)
	at org.eclipse.jdt.internal.junit.model.RemoteTestRunnerClient$5.run(RemoteTestRunnerClient.java:541)
	at org.eclipse.core.runtime.SafeRunner.run(SafeRunner.java:45)
	at org.eclipse.jdt.internal.junit.model.RemoteTestRunnerClient.notifyTestStarted(RemoteTestRunnerClient.java:537)
	at org.eclipse.jdt.internal.junit.model.RemoteTestRunnerClient.access$6(RemoteTestRunnerClient.java:532)
	at org.eclipse.jdt.internal.junit.model.RemoteTestRunnerClient$DefaultProcessingState.readMessage(RemoteTestRunnerClient.java:92)
	at org.eclipse.jdt.internal.junit.model.RemoteTestRunnerClient.receiveMessage(RemoteTestRunnerClient.java:376)
	at org.eclipse.jdt.internal.junit.model.RemoteTestRunnerClient.access$27(RemoteTestRunnerClient.java:375)
	at org.eclipse.jdt.internal.junit.model.RemoteTestRunnerClient$ServerConnection.run(RemoteTestRunnerClient.java:273)

!ENTRY org.eclipse.m2e.logback.appender 2 0 2020-05-13 15:11:53.094
!MESSAGE Using platform encoding (Cp1252 actually) to copy filtered resources, i.e. build is platform dependent!

!ENTRY org.eclipse.m2e.logback.appender 2 0 2020-05-13 15:11:53.223
!MESSAGE Using platform encoding (Cp1252 actually) to copy filtered resources, i.e. build is platform dependent!

!ENTRY org.eclipse.m2e.logback.appender 2 0 2020-05-13 15:14:21.538
!MESSAGE Using platform encoding (Cp1252 actually) to copy filtered resources, i.e. build is platform dependent!

!ENTRY org.eclipse.m2e.logback.appender 2 0 2020-05-13 15:14:21.546
!MESSAGE Using platform encoding (Cp1252 actually) to copy filtered resources, i.e. build is platform dependent!

!ENTRY org.eclipse.m2e.logback.appender 2 0 2020-05-13 15:15:15.609
!MESSAGE Using platform encoding (Cp1252 actually) to copy filtered resources, i.e. build is platform dependent!

!ENTRY org.eclipse.m2e.logback.appender 2 0 2020-05-13 15:15:15.618
!MESSAGE Using platform encoding (Cp1252 actually) to copy filtered resources, i.e. build is platform dependent!

!ENTRY org.eclipse.m2e.logback.appender 2 0 2020-05-13 15:20:12.796
!MESSAGE Using platform encoding (Cp1252 actually) to copy filtered resources, i.e. build is platform dependent!

!ENTRY org.eclipse.m2e.logback.appender 2 0 2020-05-13 15:20:12.818
!MESSAGE Using platform encoding (Cp1252 actually) to copy filtered resources, i.e. build is platform dependent!

!ENTRY org.eclipse.jdt.junit.core 4 4 2020-05-13 15:20:31.670
!MESSAGE Error
!STACK 0
java.lang.Exception: Unexpected TestElement type for testId '3': TestSuite: Scenario: Validate the parameterization using Data tables in Gherkin : Not Started - Undefined (8)
	at org.eclipse.jdt.internal.junit.model.TestRunSession$TestSessionNotifier.logUnexpectedTest(TestRunSession.java:807)
	at org.eclipse.jdt.internal.junit.model.TestRunSession$TestSessionNotifier.testStarted(TestRunSession.java:714)
	at org.eclipse.jdt.internal.junit.model.RemoteTestRunnerClient$5.run(RemoteTestRunnerClient.java:541)
	at org.eclipse.core.runtime.SafeRunner.run(SafeRunner.java:45)
	at org.eclipse.jdt.internal.junit.model.RemoteTestRunnerClient.notifyTestStarted(RemoteTestRunnerClient.java:537)
	at org.eclipse.jdt.internal.junit.model.RemoteTestRunnerClient.access$6(RemoteTestRunnerClient.java:532)
	at org.eclipse.jdt.internal.junit.model.RemoteTestRunnerClient$DefaultProcessingState.readMessage(RemoteTestRunnerClient.java:92)
	at org.eclipse.jdt.internal.junit.model.RemoteTestRunnerClient.receiveMessage(RemoteTestRunnerClient.java:376)
	at org.eclipse.jdt.internal.junit.model.RemoteTestRunnerClient.access$27(RemoteTestRunnerClient.java:375)
	at org.eclipse.jdt.internal.junit.model.RemoteTestRunnerClient$ServerConnection.run(RemoteTestRunnerClient.java:273)

!ENTRY org.eclipse.jdt.junit.core 4 4 2020-05-13 15:24:06.861
!MESSAGE Error
!STACK 0
java.lang.Exception: Unexpected TestElement type for testId '3': TestSuite: Scenario: Validate the parameterization using Data tables in Gherkin : Completed - Error (8)
	at org.eclipse.jdt.internal.junit.model.TestRunSession$TestSessionNotifier.logUnexpectedTest(TestRunSession.java:807)
	at org.eclipse.jdt.internal.junit.model.TestRunSession$TestSessionNotifier.testEnded(TestRunSession.java:744)
	at org.eclipse.jdt.internal.junit.model.RemoteTestRunnerClient$4.run(RemoteTestRunnerClient.java:526)
	at org.eclipse.core.runtime.SafeRunner.run(SafeRunner.java:45)
	at org.eclipse.jdt.internal.junit.model.RemoteTestRunnerClient.notifyTestEnded(RemoteTestRunnerClient.java:522)
	at org.eclipse.jdt.internal.junit.model.RemoteTestRunnerClient.access$7(RemoteTestRunnerClient.java:517)
	at org.eclipse.jdt.internal.junit.model.RemoteTestRunnerClient$DefaultProcessingState.readMessage(RemoteTestRunnerClient.java:96)
	at org.eclipse.jdt.internal.junit.model.RemoteTestRunnerClient.receiveMessage(RemoteTestRunnerClient.java:376)
	at org.eclipse.jdt.internal.junit.model.RemoteTestRunnerClient.access$27(RemoteTestRunnerClient.java:375)
	at org.eclipse.jdt.internal.junit.model.RemoteTestRunnerClient$ServerConnection.run(RemoteTestRunnerClient.java:273)

!ENTRY org.eclipse.m2e.logback.appender 2 0 2020-05-13 16:08:43.902
!MESSAGE Using platform encoding (Cp1252 actually) to copy filtered resources, i.e. build is platform dependent!

!ENTRY org.eclipse.m2e.logback.appender 2 0 2020-05-13 16:08:43.955
!MESSAGE Using platform encoding (Cp1252 actually) to copy filtered resources, i.e. build is platform dependent!

!ENTRY org.eclipse.m2e.logback.appender 2 0 2020-05-13 16:09:10.070
!MESSAGE Using platform encoding (Cp1252 actually) to copy filtered resources, i.e. build is platform dependent!

!ENTRY org.eclipse.m2e.logback.appender 2 0 2020-05-13 16:09:10.075
!MESSAGE Using platform encoding (Cp1252 actually) to copy filtered resources, i.e. build is platform dependent!

!ENTRY org.eclipse.jdt.junit.core 4 4 2020-05-13 16:09:34.025
!MESSAGE Error
!STACK 0
java.lang.Exception: Unexpected TestElement type for testId '3': TestSuite: Scenario: Validate the parameterization using Data tables in Gherkin : Not Started - Undefined (8)
	at org.eclipse.jdt.internal.junit.model.TestRunSession$TestSessionNotifier.logUnexpectedTest(TestRunSession.java:807)
	at org.eclipse.jdt.internal.junit.model.TestRunSession$TestSessionNotifier.testStarted(TestRunSession.java:714)
	at org.eclipse.jdt.internal.junit.model.RemoteTestRunnerClient$5.run(RemoteTestRunnerClient.java:541)
	at org.eclipse.core.runtime.SafeRunner.run(SafeRunner.java:45)
	at org.eclipse.jdt.internal.junit.model.RemoteTestRunnerClient.notifyTestStarted(RemoteTestRunnerClient.java:537)
	at org.eclipse.jdt.internal.junit.model.RemoteTestRunnerClient.access$6(RemoteTestRunnerClient.java:532)
	at org.eclipse.jdt.internal.junit.model.RemoteTestRunnerClient$DefaultProcessingState.readMessage(RemoteTestRunnerClient.java:92)
	at org.eclipse.jdt.internal.junit.model.RemoteTestRunnerClient.receiveMessage(RemoteTestRunnerClient.java:376)
	at org.eclipse.jdt.internal.junit.model.RemoteTestRunnerClient.access$27(RemoteTestRunnerClient.java:375)
	at org.eclipse.jdt.internal.junit.model.RemoteTestRunnerClient$ServerConnection.run(RemoteTestRunnerClient.java:273)

!ENTRY org.eclipse.jdt.junit.core 4 4 2020-05-13 16:19:10.537
!MESSAGE Error
!STACK 0
java.lang.Exception: Unexpected TestElement type for testId '3': TestSuite: Scenario: Validate the parameterization using Data tables in Gherkin : Completed - Error (8)
	at org.eclipse.jdt.internal.junit.model.TestRunSession$TestSessionNotifier.logUnexpectedTest(TestRunSession.java:807)
	at org.eclipse.jdt.internal.junit.model.TestRunSession$TestSessionNotifier.testEnded(TestRunSession.java:744)
	at org.eclipse.jdt.internal.junit.model.RemoteTestRunnerClient$4.run(RemoteTestRunnerClient.java:526)
	at org.eclipse.core.runtime.SafeRunner.run(SafeRunner.java:45)
	at org.eclipse.jdt.internal.junit.model.RemoteTestRunnerClient.notifyTestEnded(RemoteTestRunnerClient.java:522)
	at org.eclipse.jdt.internal.junit.model.RemoteTestRunnerClient.access$7(RemoteTestRunnerClient.java:517)
	at org.eclipse.jdt.internal.junit.model.RemoteTestRunnerClient$DefaultProcessingState.readMessage(RemoteTestRunnerClient.java:96)
	at org.eclipse.jdt.internal.junit.model.RemoteTestRunnerClient.receiveMessage(RemoteTestRunnerClient.java:376)
	at org.eclipse.jdt.internal.junit.model.RemoteTestRunnerClient.access$27(RemoteTestRunnerClient.java:375)
	at org.eclipse.jdt.internal.junit.model.RemoteTestRunnerClient$ServerConnection.run(RemoteTestRunnerClient.java:273)

!ENTRY org.eclipse.m2e.logback.appender 2 0 2020-05-13 16:20:00.353
!MESSAGE Using platform encoding (Cp1252 actually) to copy filtered resources, i.e. build is platform dependent!

!ENTRY org.eclipse.m2e.logback.appender 2 0 2020-05-13 16:20:00.503
!MESSAGE Using platform encoding (Cp1252 actually) to copy filtered resources, i.e. build is platform dependent!

!ENTRY org.eclipse.m2e.logback.appender 2 0 2020-05-13 16:49:16.893
!MESSAGE Using platform encoding (Cp1252 actually) to copy filtered resources, i.e. build is platform dependent!

!ENTRY org.eclipse.m2e.logback.appender 2 0 2020-05-13 16:49:17.189
!MESSAGE Using platform encoding (Cp1252 actually) to copy filtered resources, i.e. build is platform dependent!

!ENTRY org.eclipse.m2e.logback.appender 2 0 2020-05-13 16:49:39.547
!MESSAGE Using platform encoding (Cp1252 actually) to copy filtered resources, i.e. build is platform dependent!

!ENTRY org.eclipse.m2e.logback.appender 2 0 2020-05-13 16:49:39.732
!MESSAGE Using platform encoding (Cp1252 actually) to copy filtered resources, i.e. build is platform dependent!

!ENTRY org.eclipse.m2e.logback.appender 2 0 2020-05-13 16:49:40.188
!MESSAGE Using platform encoding (Cp1252 actually) to copy filtered resources, i.e. build is platform dependent!

!ENTRY org.eclipse.m2e.logback.appender 2 0 2020-05-13 16:49:40.195
!MESSAGE Using platform encoding (Cp1252 actually) to copy filtered resources, i.e. build is platform dependent!

!ENTRY org.eclipse.ui 4 4 2020-05-13 16:50:11.108
!MESSAGE To avoid deadlock while executing Display.syncExec() with argument: org.eclipse.debug.internal.ui.sourcelookup.Prompter$$Lambda$726/0x0000000801d1d040@6bffcd9a, thread Worker-133: Launching TestRunner2 will interrupt UI thread.
!SUBENTRY 1 org.eclipse.ui 4 4 2020-05-13 16:50:11.108
!MESSAGE Worker-133: Launching TestRunner2 thread is an instance of Worker or owns an ILock
!STACK 0
java.lang.IllegalStateException: Call stack for thread Worker-133: Launching TestRunner2
	at java.management@14.0.1/sun.management.ThreadImpl.dumpThreads0(Native Method)
	at java.management@14.0.1/sun.management.ThreadImpl.getThreadInfo(ThreadImpl.java:485)
	at org.eclipse.ui.internal.UILockListener.reportInterruption(UILockListener.java:209)
	at org.eclipse.ui.internal.UILockListener.interruptUI(UILockListener.java:179)
	at org.eclipse.ui.internal.PendingSyncExec.waitUntilExecuted(PendingSyncExec.java:92)
	at org.eclipse.ui.internal.UISynchronizer.syncExec(UISynchronizer.java:155)
	at org.eclipse.swt.widgets.Display.syncExec(Display.java:4580)
	at org.eclipse.debug.internal.ui.sourcelookup.Prompter.handleStatus(Prompter.java:81)
	at org.eclipse.debug.core.model.LaunchConfigurationDelegate.saveBeforeLaunch(LaunchConfigurationDelegate.java:255)
	at org.eclipse.debug.core.model.LaunchConfigurationDelegate.preLaunchCheck(LaunchConfigurationDelegate.java:207)
	at org.eclipse.jdt.launching.AbstractJavaLaunchConfigurationDelegate.preLaunchCheck(AbstractJavaLaunchConfigurationDelegate.java:1020)
	at org.eclipse.debug.internal.core.LaunchConfiguration.launch(LaunchConfiguration.java:817)
	at org.eclipse.debug.internal.core.LaunchConfiguration.launch(LaunchConfiguration.java:720)
	at org.eclipse.debug.internal.ui.DebugUIPlugin.buildAndLaunch(DebugUIPlugin.java:1020)
	at org.eclipse.debug.internal.ui.DebugUIPlugin$2.run(DebugUIPlugin.java:1234)
	at org.eclipse.core.internal.jobs.Worker.run(Worker.java:63)
!SUBENTRY 1 org.eclipse.ui 4 4 2020-05-13 16:50:11.178
!MESSAGE UI thread waiting on a job or lock.
!STACK 0
java.lang.IllegalStateException: Call stack for thread main
	at org.eclipse.ui.internal.PendingSyncExec.run(PendingSyncExec.java:75)
	at org.eclipse.ui.internal.UILockListener.doPendingWork(UILockListener.java:171)
	at org.eclipse.ui.internal.UISynchronizer.lambda$0(UISynchronizer.java:152)
	at org.eclipse.ui.internal.UISynchronizer$$Lambda$625/0x0000000801951040.run(Unknown Source)
	at org.eclipse.swt.widgets.RunnableLock.run(RunnableLock.java:40)
	at org.eclipse.swt.widgets.Synchronizer.runAsyncMessages(Synchronizer.java:185)
	at org.eclipse.swt.widgets.Display.runAsyncMessages(Display.java:3919)
	at org.eclipse.swt.widgets.Display.readAndDispatch(Display.java:3550)
	at org.eclipse.e4.ui.internal.workbench.swt.PartRenderingEngine$5.run(PartRenderingEngine.java:1173)
	at org.eclipse.core.databinding.observable.Realm.runWithDefault(Realm.java:338)
	at org.eclipse.e4.ui.internal.workbench.swt.PartRenderingEngine.run(PartRenderingEngine.java:1062)
	at org.eclipse.e4.ui.internal.workbench.E4Workbench.createAndRunUI(E4Workbench.java:155)
	at org.eclipse.ui.internal.Workbench.lambda$3(Workbench.java:635)
	at org.eclipse.ui.internal.Workbench$$Lambda$186/0x0000000800e20040.run(Unknown Source)
	at org.eclipse.core.databinding.observable.Realm.runWithDefault(Realm.java:338)
	at org.eclipse.ui.internal.Workbench.createAndRunWorkbench(Workbench.java:559)
	at org.eclipse.ui.PlatformUI.createAndRunWorkbench(PlatformUI.java:150)
	at org.eclipse.ui.internal.ide.application.IDEApplication.start(IDEApplication.java:155)
	at org.eclipse.equinox.internal.app.EclipseAppHandle.run(EclipseAppHandle.java:203)
	at org.eclipse.core.runtime.internal.adaptor.EclipseAppLauncher.runApplication(EclipseAppLauncher.java:137)
	at org.eclipse.core.runtime.internal.adaptor.EclipseAppLauncher.start(EclipseAppLauncher.java:107)
	at org.eclipse.core.runtime.adaptor.EclipseStarter.run(EclipseStarter.java:400)
	at org.eclipse.core.runtime.adaptor.EclipseStarter.run(EclipseStarter.java:255)
	at java.base@14.0.1/jdk.internal.reflect.NativeMethodAccessorImpl.invoke0(Native Method)
	at java.base@14.0.1/jdk.internal.reflect.NativeMethodAccessorImpl.invoke(NativeMethodAccessorImpl.java:62)
	at java.base@14.0.1/jdk.internal.reflect.DelegatingMethodAccessorImpl.invoke(DelegatingMethodAccessorImpl.java:43)
	at java.base@14.0.1/java.lang.reflect.Method.invoke(Method.java:564)
	at app//org.eclipse.equinox.launcher.Main.invokeFramework(Main.java:660)
	at app//org.eclipse.equinox.launcher.Main.basicRun(Main.java:597)
	at app//org.eclipse.equinox.launcher.Main.run(Main.java:1468)

!ENTRY org.eclipse.jdt.junit.core 4 4 2020-05-13 16:50:56.329
!MESSAGE Error
!STACK 0
java.lang.Exception: Unexpected TestElement type for testId '3': TestSuite: Scenario: Validate the parameterization using Data tables in Gherkin : Not Started - Undefined (8)
	at org.eclipse.jdt.internal.junit.model.TestRunSession$TestSessionNotifier.logUnexpectedTest(TestRunSession.java:807)
	at org.eclipse.jdt.internal.junit.model.TestRunSession$TestSessionNotifier.testStarted(TestRunSession.java:714)
	at org.eclipse.jdt.internal.junit.model.RemoteTestRunnerClient$5.run(RemoteTestRunnerClient.java:541)
	at org.eclipse.core.runtime.SafeRunner.run(SafeRunner.java:45)
	at org.eclipse.jdt.internal.junit.model.RemoteTestRunnerClient.notifyTestStarted(RemoteTestRunnerClient.java:537)
	at org.eclipse.jdt.internal.junit.model.RemoteTestRunnerClient.access$6(RemoteTestRunnerClient.java:532)
	at org.eclipse.jdt.internal.junit.model.RemoteTestRunnerClient$DefaultProcessingState.readMessage(RemoteTestRunnerClient.java:92)
	at org.eclipse.jdt.internal.junit.model.RemoteTestRunnerClient.receiveMessage(RemoteTestRunnerClient.java:376)
	at org.eclipse.jdt.internal.junit.model.RemoteTestRunnerClient.access$27(RemoteTestRunnerClient.java:375)
	at org.eclipse.jdt.internal.junit.model.RemoteTestRunnerClient$ServerConnection.run(RemoteTestRunnerClient.java:273)

!ENTRY org.eclipse.jdt.junit.core 4 4 2020-05-13 17:11:49.846
!MESSAGE Error
!STACK 0
java.lang.Exception: Unexpected TestElement type for testId '3': TestSuite: Scenario: Validate the parameterization using Data tables in Gherkin : Not Started - Undefined (8)
	at org.eclipse.jdt.internal.junit.model.TestRunSession$TestSessionNotifier.logUnexpectedTest(TestRunSession.java:807)
	at org.eclipse.jdt.internal.junit.model.TestRunSession$TestSessionNotifier.testStarted(TestRunSession.java:714)
	at org.eclipse.jdt.internal.junit.model.RemoteTestRunnerClient$5.run(RemoteTestRunnerClient.java:541)
	at org.eclipse.core.runtime.SafeRunner.run(SafeRunner.java:45)
	at org.eclipse.jdt.internal.junit.model.RemoteTestRunnerClient.notifyTestStarted(RemoteTestRunnerClient.java:537)
	at org.eclipse.jdt.internal.junit.model.RemoteTestRunnerClient.access$6(RemoteTestRunnerClient.java:532)
	at org.eclipse.jdt.internal.junit.model.RemoteTestRunnerClient$DefaultProcessingState.readMessage(RemoteTestRunnerClient.java:92)
	at org.eclipse.jdt.internal.junit.model.RemoteTestRunnerClient.receiveMessage(RemoteTestRunnerClient.java:376)
	at org.eclipse.jdt.internal.junit.model.RemoteTestRunnerClient.access$27(RemoteTestRunnerClient.java:375)
	at org.eclipse.jdt.internal.junit.model.RemoteTestRunnerClient$ServerConnection.run(RemoteTestRunnerClient.java:273)

!ENTRY org.eclipse.jdt.junit.core 4 4 2020-05-13 17:12:59.373
!MESSAGE Error
!STACK 0
java.lang.Exception: Unexpected TestElement type for testId '3': TestSuite: Scenario: Validate the parameterization using Data tables in Gherkin : Completed - OK (8)
	at org.eclipse.jdt.internal.junit.model.TestRunSession$TestSessionNotifier.logUnexpectedTest(TestRunSession.java:807)
	at org.eclipse.jdt.internal.junit.model.TestRunSession$TestSessionNotifier.testEnded(TestRunSession.java:744)
	at org.eclipse.jdt.internal.junit.model.RemoteTestRunnerClient$4.run(RemoteTestRunnerClient.java:526)
	at org.eclipse.core.runtime.SafeRunner.run(SafeRunner.java:45)
	at org.eclipse.jdt.internal.junit.model.RemoteTestRunnerClient.notifyTestEnded(RemoteTestRunnerClient.java:522)
	at org.eclipse.jdt.internal.junit.model.RemoteTestRunnerClient.access$7(RemoteTestRunnerClient.java:517)
	at org.eclipse.jdt.internal.junit.model.RemoteTestRunnerClient$DefaultProcessingState.readMessage(RemoteTestRunnerClient.java:96)
	at org.eclipse.jdt.internal.junit.model.RemoteTestRunnerClient.receiveMessage(RemoteTestRunnerClient.java:376)
	at org.eclipse.jdt.internal.junit.model.RemoteTestRunnerClient.access$27(RemoteTestRunnerClient.java:375)
	at org.eclipse.jdt.internal.junit.model.RemoteTestRunnerClient$ServerConnection.run(RemoteTestRunnerClient.java:273)
!SESSION 2020-05-14 10:05:20.851 -----------------------------------------------
eclipse.buildId=4.12.0.I20190605-1800
java.version=14.0.1
java.vendor=Oracle Corporation
BootLoader constants: OS=win32, ARCH=x86_64, WS=win32, NL=en_IN
Framework arguments:  -product org.eclipse.epp.package.jee.product
Command-line arguments:  -os win32 -ws win32 -arch x86_64 -product org.eclipse.epp.package.jee.product

!ENTRY org.eclipse.egit.core 1 0 2020-05-14 10:06:35.857
!MESSAGE Using Apache MINA sshd as ssh client.

!ENTRY org.eclipse.egit.ui 2 0 2020-05-14 10:06:57.830
!MESSAGE Warning: The environment variable HOME is not set. The following directory will be used to store the Git
user global configuration and to define the default location to store repositories: 'C:\Users\Beula'. If this is
not correct please set the HOME environment variable and restart Eclipse. Otherwise Git for Windows and
EGit might behave differently since they see different configuration options.
This warning can be switched off on the Team > Git > Confirmations and Warnings preference page.

!ENTRY org.eclipse.equinox.p2.transport.ecf 4 1002 2020-05-14 11:21:08.337
!MESSAGE HTTP Remote File Permanently Removed: http://beust.com/eclipse/compositeContent.xml
!STACK 1
org.eclipse.ecf.filetransfer.BrowseFileTransferException: HttpComponents connection error response code 410.
	at org.eclipse.ecf.provider.filetransfer.httpclient45.HttpClientFileSystemBrowser.runRequest(HttpClientFileSystemBrowser.java:276)
	at org.eclipse.ecf.provider.filetransfer.browse.AbstractFileSystemBrowser$DirectoryJob.run(AbstractFileSystemBrowser.java:69)
	at org.eclipse.core.internal.jobs.Worker.run(Worker.java:63)
!SUBENTRY 1 org.eclipse.ecf.identity 4 0 2020-05-14 11:21:08.359
!MESSAGE HttpComponents connection error response code 410.
!SESSION 2020-05-14 11:55:33.011 -----------------------------------------------
eclipse.buildId=4.12.0.I20190605-1800
java.version=14.0.1
java.vendor=Oracle Corporation
BootLoader constants: OS=win32, ARCH=x86_64, WS=win32, NL=en_IN
Framework arguments:  -product org.eclipse.epp.package.jee.product
Command-line arguments:  -os win32 -ws win32 -arch x86_64 -product org.eclipse.epp.package.jee.product

!ENTRY org.eclipse.egit.core 1 0 2020-05-14 11:56:42.544
!MESSAGE Using Apache MINA sshd as ssh client.

!ENTRY org.eclipse.egit.ui 2 0 2020-05-14 11:57:09.607
!MESSAGE Warning: The environment variable HOME is not set. The following directory will be used to store the Git
user global configuration and to define the default location to store repositories: 'C:\Users\Beula'. If this is
not correct please set the HOME environment variable and restart Eclipse. Otherwise Git for Windows and
EGit might behave differently since they see different configuration options.
This warning can be switched off on the Team > Git > Confirmations and Warnings preference page.
